<?xml version="1.0" encoding="UTF-8"?>
<!-- Generated by org.testng.reporters.JUnitReportReporter -->
<testsuite hostname="DESKTOP-T86SETK" failures="0" tests="1" name="SeleniumChallenges._22_ProductCount" time="13.062" errors="0" timestamp="2024-04-21T22:14:27 IST" skipped="0">
  <testcase classname="SeleniumChallenges._22_ProductCount" name="productPriceSortingTest" time="13.062"/>
</testsuite> <!-- SeleniumChallenges._22_ProductCount -->
