<?xml version="1.0" encoding="UTF-8"?>
<!-- Generated by org.testng.reporters.JUnitReportReporter -->
<testsuite hostname="DESKTOP-T86SETK" failures="0" tests="1" name="SeleniumChallenges._19_EmojiRating" time="0.925" errors="0" timestamp="2024-04-07T22:58:26 IST" skipped="0">
  <testcase classname="SeleniumChallenges._19_EmojiRating" name="emojiRatingTest" time="0.925"/>
</testsuite> <!-- SeleniumChallenges._19_EmojiRating -->
