<?xml version="1.0" encoding="UTF-8"?>
<!-- Generated by org.testng.reporters.JUnitReportReporter -->
<testsuite hostname="DESKTOP-T86SETK" failures="0" tests="1" name="SeleniumChallenges._9_ShadowDom" time="3.170" errors="0" timestamp="2024-03-24T16:53:46 IST" skipped="0">
  <testcase classname="SeleniumChallenges._9_ShadowDom" name="shadowDomTest" time="3.170"/>
</testsuite> <!-- SeleniumChallenges._9_ShadowDom -->
