<?xml version="1.0" encoding="UTF-8"?>
<!-- Generated by org.testng.reporters.JUnitReportReporter -->
<testsuite hostname="DESKTOP-T86SETK" failures="0" tests="1" name="SeleniumChallenges._4_GrowingClickable" time="17.877" errors="0" timestamp="2024-03-03T23:21:39 IST" skipped="0">
  <testcase classname="SeleniumChallenges._4_GrowingClickable" name="growingElement" time="17.877"/>
</testsuite> <!-- SeleniumChallenges._4_GrowingClickable -->
