<?xml version="1.0" encoding="UTF-8"?>
<!-- Generated by org.testng.reporters.JUnitReportReporter -->
<testsuite hostname="DESKTOP-T86SETK" failures="0" tests="1" name="SeleniumChallenges._10_PDFDownloadTest" time="205.447" errors="0" timestamp="2024-03-23T20:56:33 IST" skipped="0">
  <testcase classname="SeleniumChallenges._10_PDFDownloadTest" name="downloadPdfTest" time="205.447"/>
</testsuite> <!-- SeleniumChallenges._10_PDFDownloadTest -->
