<?xml version="1.0" encoding="UTF-8"?>
<!-- Generated by org.testng.reporters.JUnitReportReporter -->
<testsuite hostname="DESKTOP-T86SETK" failures="0" tests="1" name="SeleniumChallenges._15_FillFormUsingRandomUserAPI" time="10.482" errors="0" timestamp="2024-04-06T23:09:58 IST" skipped="0">
  <testcase classname="SeleniumChallenges._15_FillFormUsingRandomUserAPI" name="fetchVinAndInputTest" time="10.482"/>
</testsuite> <!-- SeleniumChallenges._15_FillFormUsingRandomUserAPI -->
