<?xml version="1.0" encoding="UTF-8"?>
<!-- Generated by org.testng.reporters.JUnitReportReporter -->
<testsuite hostname="DESKTOP-T86SETK" failures="0" tests="1" name="SeleniumChallenges._8_DragAndDrop" time="8.559" errors="0" timestamp="2024-03-23T16:45:22 IST" skipped="0">
  <testcase classname="SeleniumChallenges._8_DragAndDrop" name="SortListOrderTest" time="8.559"/>
</testsuite> <!-- SeleniumChallenges._8_DragAndDrop -->
