<?xml version="1.0" encoding="UTF-8"?>
<!-- Generated by org.testng.reporters.JUnitReportReporter -->
<testsuite hostname="DESKTOP-T86SETK" failures="0" tests="1" name="SeleniumChallenges._20_ReadTextFromQR" time="1.821" errors="0" timestamp="2024-04-13T20:12:28 IST" skipped="0">
  <testcase classname="SeleniumChallenges._20_ReadTextFromQR" name="readTextFromQRTest" time="1.821"/>
</testsuite> <!-- SeleniumChallenges._20_ReadTextFromQR -->
