<?xml version="1.0" encoding="UTF-8"?>
<!-- Generated by org.testng.reporters.JUnitReportReporter -->
<testsuite hostname="DESKTOP-T86SETK" failures="0" tests="1" name="SeleniumChallenges._20_GenerateQRCode" time="1.643" errors="0" timestamp="2024-04-13T20:10:36 IST" skipped="0">
  <testcase classname="SeleniumChallenges._20_GenerateQRCode" name="daily20" time="1.643"/>
</testsuite> <!-- SeleniumChallenges._20_GenerateQRCode -->
