<?xml version="1.0" encoding="UTF-8"?>
<!-- Generated by org.testng.reporters.JUnitReportReporter -->
<testsuite hostname="DESKTOP-T86SETK" failures="0" tests="1" name="SeleniumChallenges._3_readRating" time="7.245" errors="0" timestamp="2024-03-03T19:33:01 IST" skipped="0">
  <testcase classname="SeleniumChallenges._3_readRating" name="rating" time="7.245"/>
</testsuite> <!-- SeleniumChallenges._3_readRating -->
