<?xml version="1.0" encoding="UTF-8"?>
<!-- Generated by org.testng.reporters.JUnitReportReporter -->
<testsuite hostname="DESKTOP-T86SETK" failures="0" tests="1" name="SeleniumChallenges._8_DragAndDrop" time="20.850" errors="0" timestamp="2024-03-13T22:56:54 IST" skipped="0">
  <testcase classname="SeleniumChallenges._8_DragAndDrop" name="dragAndDrop" time="20.850"/>
</testsuite> <!-- SeleniumChallenges._8_DragAndDrop -->
