<?xml version="1.0" encoding="UTF-8"?>
<!-- Generated by org.testng.reporters.JUnitReportReporter -->
<testsuite hostname="DESKTOP-T86SETK" failures="0" tests="1" name="SeleniumChallenges._18_Scroll" time="0.232" errors="0" timestamp="2024-04-07T22:02:28 IST" skipped="0">
  <testcase classname="SeleniumChallenges._18_Scroll" name="ScrollBtnTest" time="0.232"/>
</testsuite> <!-- SeleniumChallenges._18_Scroll -->
