<?xml version="1.0" encoding="UTF-8"?>
<!-- Generated by org.testng.reporters.JUnitReportReporter -->
<testsuite hostname="DESKTOP-T86SETK" failures="0" tests="1" name="SeleniumChallenges._1_BypassAuth" time="15.281" errors="0" timestamp="2024-03-03T16:32:26 IST" skipped="0">
  <testcase classname="SeleniumChallenges._1_BypassAuth" name="bypassAuth" time="15.281"/>
</testsuite> <!-- SeleniumChallenges._1_BypassAuth -->
