<?xml version="1.0" encoding="UTF-8"?>
<!-- Generated by org.testng.reporters.JUnitReportReporter -->
<testsuite hostname="DESKTOP-T86SETK" failures="0" tests="1" name="SeleniumChallenges.ddd" time="33.182" errors="0" timestamp="2024-03-03T17:59:35 IST" skipped="0">
  <testcase classname="SeleniumChallenges.ddd" name="disabledtextBox" time="33.182"/>
</testsuite> <!-- SeleniumChallenges.ddd -->
