<?xml version="1.0" encoding="UTF-8"?>
<!-- Generated by org.testng.reporters.JUnitReportReporter -->
<testsuite hostname="DESKTOP-T86SETK" failures="0" tests="1" name="SeleniumChallenges._2_DisabledTextBox" time="30.158" errors="0" timestamp="2024-03-03T18:33:44 IST" skipped="0">
  <testcase classname="SeleniumChallenges._2_DisabledTextBox" name="disabledTextBox" time="30.158"/>
</testsuite> <!-- SeleniumChallenges._2_DisabledTextBox -->
