<?xml version="1.0" encoding="UTF-8"?>
<!-- Generated by org.testng.reporters.JUnitReportReporter -->
<testsuite hostname="DESKTOP-T86SETK" failures="0" tests="1" name="SeleniumChallenges.dfsff" time="6.490" errors="0" timestamp="2024-03-24T21:23:28 IST" skipped="0">
  <testcase classname="SeleniumChallenges.dfsff" name="animationButtonClickTest" time="6.490"/>
</testsuite> <!-- SeleniumChallenges.dfsff -->
