<?xml version="1.0" encoding="UTF-8"?>
<!-- Generated by org.testng.reporters.JUnitReportReporter -->
<testsuite hostname="DESKTOP-T86SETK" failures="0" tests="1" name="SeleniumChallenges._21_ProductCartCheckoutFlow" time="19.387" errors="0" timestamp="2024-04-14T23:45:09 IST" skipped="0">
  <testcase classname="SeleniumChallenges._21_ProductCartCheckoutFlow" name="AddToCartTest" time="19.387"/>
</testsuite> <!-- SeleniumChallenges._21_ProductCartCheckoutFlow -->
