<?xml version="1.0" encoding="UTF-8"?>
<!-- Generated by org.testng.reporters.JUnitReportReporter -->
<testsuite hostname="DESKTOP-T86SETK" failures="0" tests="1" name="SeleniumChallenges._12_URLLinks" time="23.175" errors="0" timestamp="2024-03-24T18:05:54 IST" skipped="0">
  <testcase classname="SeleniumChallenges._12_URLLinks" name="linkVerificationTest" time="23.175"/>
</testsuite> <!-- SeleniumChallenges._12_URLLinks -->
