<?xml version="1.0" encoding="UTF-8"?>
<!-- Generated by org.testng.reporters.JUnitReportReporter -->
<testsuite hostname="DESKTOP-T86SETK" failures="0" tests="1" name="SeleniumChallenges.dfsff" time="17.122" errors="0" timestamp="2024-04-21T21:33:11 IST" skipped="0">
  <testcase classname="SeleniumChallenges.dfsff" name="productPriceSortingTest" time="17.122"/>
</testsuite> <!-- SeleniumChallenges.dfsff -->
