<?xml version="1.0" encoding="UTF-8"?>
<!-- Generated by org.testng.reporters.JUnitReportReporter -->
<testsuite hostname="DESKTOP-T86SETK" failures="0" tests="1" name="SeleniumChallenges._17_GeoLocation" time="5.527" errors="0" timestamp="2024-04-07T01:07:05 IST" skipped="0">
  <testcase classname="SeleniumChallenges._17_GeoLocation" name="geoLocationTest" time="5.527"/>
</testsuite> <!-- SeleniumChallenges._17_GeoLocation -->
