<?xml version="1.0" encoding="UTF-8"?>
<!-- Generated by org.testng.reporters.JUnitReportReporter -->
<testsuite hostname="DESKTOP-T86SETK" failures="0" tests="1" name="SeleniumChallenges._5_EnterValidCode" time="9.064" errors="0" timestamp="2024-03-10T15:59:12 IST" skipped="0">
  <testcase classname="SeleniumChallenges._5_EnterValidCode" name="validCode" time="9.064"/>
</testsuite> <!-- SeleniumChallenges._5_EnterValidCode -->
