<?xml version="1.0" encoding="UTF-8"?>
<!-- Generated by org.testng.reporters.JUnitReportReporter -->
<testsuite hostname="DESKTOP-T86SETK" failures="0" tests="1" name="SeleniumChallenges._16_FetchPrice" time="5.251" errors="0" timestamp="2024-04-06T23:44:04 IST" skipped="0">
  <testcase classname="SeleniumChallenges._16_FetchPrice" name="MouseHoverTest" time="5.251"/>
</testsuite> <!-- SeleniumChallenges._16_FetchPrice -->
