<?xml version="1.0" encoding="UTF-8"?>
<!-- Generated by org.testng.reporters.JUnitReportReporter -->
<testsuite hostname="DESKTOP-T86SETK" failures="0" tests="1" name="SeleniumChallenges._13_DownloafPdfTest" time="5.462" errors="0" timestamp="2024-03-24T21:25:01 IST" skipped="0">
  <testcase classname="SeleniumChallenges._13_DownloafPdfTest" name="animationButtonClickTest" time="5.462"/>
</testsuite> <!-- SeleniumChallenges._13_DownloafPdfTest -->
