<?xml version="1.0" encoding="UTF-8"?>
<!-- Generated by org.testng.reporters.JUnitReportReporter -->
<testsuite hostname="DESKTOP-T86SETK" failures="0" tests="1" name="SeleniumChallenges._6_ProgressBar" time="39.494" errors="0" timestamp="2024-03-10T18:31:29 IST" skipped="0">
  <testcase classname="SeleniumChallenges._6_ProgressBar" name="progressBarClick" time="39.494"/>
</testsuite> <!-- SeleniumChallenges._6_ProgressBar -->
